pos: 
neg: 
36,38,_37,39, 24 30 
uns: 
27,_36, 2 1 
28,_36, 4 3 
29,_36, 2 1 
30,_37, 10 7 
31,_37, 19 26 
32,_37, 3 3 
33,_37, 1 1 
34,_37, 2 2 
35,_37, 10 10 
36,_37, 182 179 
38,_39, 68 81 
38,_40, 59 51 
39,_40, 0 1 
initial state:
-,00000000000000000000000000000000011110110,00000000000000000000000000000000111111110,00000000000000000000000000011111111110110, 0.000000
X=26,0,37,24,0,0,3,322,23,0,38,30,0,0,3,325,
L = 465,393,359,
1.4812 1.0169 0.6800 0.9388 0.4098 0.2463 0.0073 -1950.1959
ACCEPTANCE RATIO FOR LAMBDA=                    2664/12000=0.222
ACCEPTANCE RATIO FOR EPSILON=                  181/2000=0.0905
ACCEPTANCE RATIO FOR - TRANSCRIPTS = 0.06
AR Propose Change 5SS = 0.0215827=3/139
AR Propose Change 3SS = 0.0402597=31/770
AR Propose Add Center = 0.0342466=35/1022
AR Propose Remove Center = 0.0416667=37/888
AR Propose Swap = 0.0929368=25/269
AR Propose Recombine = 0.0964706=82/850
ar_small_world=39/588=0.0663265
last final state:
X=26,0,151,0,0,0,235,0,23,0,163,0,0,0,233,0,
L = 222,393,0,
-,00000000000000000000000000000000000000000,00000000000000000000000000011111111110000,00000000000000000000000000011111111110110, -1140.6973
0.2488 0.9145 0.4969 0.2196 0.8887 0.5348 0.0018 -1140.6973
source "/mnt/lustre/home/epantaleo/altra/scripts/utils.sh";output2summary /mnt/lustre/home/epantaleo/altra/data/ 199 0 3 chr11 484399.5,486938.5,487053.5,487073.5,487238.5,487419.5,487470.5,488198.5,488312.5,488528.5,488647.5,489349.5,489399.5,489514.5,489587.5,489730.5,489733.5,489790.5,489882.5,490068.5,490419.5,490546.5,490642.5,490720.5,491120.5,491387.5,491393.5,494511.5,494512.5,494514.5,494515.5,494522.5,494543.5,494545.5,494547.5,494551.5,494560.5,494778.5,494882.5,495007.5,495053.5,497300.5
ACCEPTANCE RATIO FOR LAMBDA=                    1036/8000=0.1295
ACCEPTANCE RATIO FOR EPSILON=                  183/2000=0.0915
final state:buffer=-,00000000000000000000000000011111111110000,00000000000000000000000000011111111110110, -1141.4947

-,00000000000000000000000000011111111110000,00000000000000000000000000011111111110110, -1141.4947
0.2933 0.7598 0.2523 0.8938 0.0021 -1141.4947
X=26,151,0,235,23,163,0,233,
L = 222,393,
pos: 
neg: 
36,38,_37,39, 24 30 
uns: 
27,_36, 2 1 
28,_36, 4 3 
29,_36, 2 1 
30,_37, 10 7 
31,_37, 19 26 
32,_37, 3 3 
33,_37, 1 1 
34,_37, 2 2 
35,_37, 10 10 
36,_37, 182 179 
38,_39, 68 81 
38,_40, 59 51 
39,_40, 0 1 
initial state:
-,00000000000000000000000000000111111110110,00000000000000000000000000001111111110110,00000000000000000000000000011111111110110, 0.000000
X=26,2,0,0,0,4,0,380,23,1,0,0,0,3,0,392,
L = 392,390,393,
0.8008 0.7363 2.1950 0.3909 0.3956 2.1053 0.0470 -3024.7781
ACCEPTANCE RATIO FOR LAMBDA=                    1503/12000=0.12525
ACCEPTANCE RATIO FOR EPSILON=                  182/2000=0.091
ACCEPTANCE RATIO FOR - TRANSCRIPTS = 0.031
AR Propose Change 5SS = 0.0368098=12/326
AR Propose Change 3SS = 0.0316764=65/2052
AR Propose Add Center = 0.0104348=6/575
AR Propose Remove Center = 0.00813835=8/983
AR Propose Swap = 0.0389105=10/257
AR Propose Recombine = 0.045177=37/819
ar_small_world=13/570=0.022807
last final state:
X=26,24,0,127,2,233,0,0,23,30,0,133,1,232,0,0,
L = 222,126,392,
-,00000000000000000000000000000000000000110,00000000000000000000000000001111111110110,00000000000000000000000000011111111110000, -1134.7450
0.6011 0.4177 0.4212 0.4079 0.4660 0.6257 0.0020 -1134.7450
source "/mnt/lustre/home/epantaleo/altra/scripts/utils.sh";output2summary /mnt/lustre/home/epantaleo/altra/data/ 199 0 3 chr11 484399.5,486938.5,487053.5,487073.5,487238.5,487419.5,487470.5,488198.5,488312.5,488528.5,488647.5,489349.5,489399.5,489514.5,489587.5,489730.5,489733.5,489790.5,489882.5,490068.5,490419.5,490546.5,490642.5,490720.5,491120.5,491387.5,491393.5,494511.5,494512.5,494514.5,494515.5,494522.5,494543.5,494545.5,494547.5,494551.5,494560.5,494778.5,494882.5,495007.5,495053.5,497300.5
ACCEPTANCE RATIO FOR LAMBDA=                    1150/12000=0.0958333
ACCEPTANCE RATIO FOR EPSILON=                  160/2000=0.08
final state:buffer=-,00000000000000000000000000000000000000110,00000000000000000000000000011111111110000,00000000000000000000000000011111111110110, -1134.4352

-,00000000000000000000000000000000000000110,00000000000000000000000000011111111110000,00000000000000000000000000011111111110110, -1134.4352
0.3372 0.7578 0.2879 0.4323 0.6040 0.4043 0.0015 -1134.4352
X=26,0,24,127,0,0,235,0,23,0,30,133,0,0,233,0,
L = 222,393,126,
pos: 
neg: 
36,38,_37,39, 24 30 
uns: 
27,_36, 2 1 
28,_36, 4 3 
29,_36, 2 1 
30,_37, 10 7 
31,_37, 19 26 
32,_37, 3 3 
33,_37, 1 1 
34,_37, 2 2 
35,_37, 10 10 
36,_37, 182 179 
38,_39, 68 81 
38,_40, 59 51 
39,_40, 0 1 
initial state:
-,00000000000000000000000000000000000000010,00000000000000000000000000000000000110110, 0.000000
X=69,0,343,0,67,0,351,1,
L = 353,1,
1.0566 5.7570 1.1295 0.7004 0.0102 -1595.9343
ACCEPTANCE RATIO FOR LAMBDA=                    1326/8000=0.16575
ACCEPTANCE RATIO FOR EPSILON=                  172/2000=0.086
ACCEPTANCE RATIO FOR - TRANSCRIPTS = 0.038
AR Propose Change 5SS = 0.0186916=4/214
AR Propose Change 3SS = 0.0329825=47/1425
AR Propose Add Center = 0.0300842=25/831
AR Propose Remove Center = 0.0258193=26/1007
AR Propose Swap = 0.0452962=13/287
AR Propose Recombine = 0.0402844=34/844
ar_small_world=14/627=0.0223285
last final state:
X=26,386,0,0,23,396,0,0,
L = 0,393,
-,00000000000000000000000000000000000000000,00000000000000000000000000011111111110110, -1145.0452
2.2287 0.8712 3.2641 0.9678 0.0025 -1145.0452
source "/mnt/lustre/home/epantaleo/altra/scripts/utils.sh";output2summary /mnt/lustre/home/epantaleo/altra/data/ 199 0 2 chr11 484399.5,486938.5,487053.5,487073.5,487238.5,487419.5,487470.5,488198.5,488312.5,488528.5,488647.5,489349.5,489399.5,489514.5,489587.5,489730.5,489733.5,489790.5,489882.5,490068.5,490419.5,490546.5,490642.5,490720.5,491120.5,491387.5,491393.5,494511.5,494512.5,494514.5,494515.5,494522.5,494543.5,494545.5,494547.5,494551.5,494560.5,494778.5,494882.5,495007.5,495053.5,497300.5
ACCEPTANCE RATIO FOR LAMBDA=                    1131/8000=0.141375
ACCEPTANCE RATIO FOR EPSILON=                  181/2000=0.0905
final state:buffer=-,00000000000000000000000000000000000110000,00000000000000000000000000011111111110110, -1141.4702

-,00000000000000000000000000000000000110000,00000000000000000000000000011111111110110, -1141.4702
0.9604 0.1123 0.9259 0.2463 0.0020 -1141.4702
X=26,0,194,192,23,0,207,189,
L = 393,182,
pos: 
neg: 
36,38,_37,39, 24 30 
uns: 
27,_36, 2 1 
28,_36, 4 3 
29,_36, 2 1 
30,_37, 10 7 
31,_37, 19 26 
32,_37, 3 3 
33,_37, 1 1 
34,_37, 2 2 
35,_37, 10 10 
36,_37, 182 179 
38,_39, 68 81 
38,_40, 59 51 
39,_40, 0 1 
initial state:
-,00000000000000000000000000000000000110110,00000000000000000000000000000111111110110, 0.000000
X=32,37,0,343,27,40,0,352,
L = 353,390,
2.9035 0.8298 1.1981 0.2954 0.0418 -2595.7950
ACCEPTANCE RATIO FOR LAMBDA=                    1357/8000=0.169625
ACCEPTANCE RATIO FOR EPSILON=                  177/2000=0.0885
ACCEPTANCE RATIO FOR - TRANSCRIPTS = 0.0255
AR Propose Change 5SS = 0.0151515=3/198
AR Propose Change 3SS = 0.0267062=36/1348
AR Propose Add Center = 0.0192771=16/830
AR Propose Remove Center = 0.0181087=18/994
AR Propose Swap = 0.0533808=15/281
AR Propose Recombine = 0.0332481=26/782
ar_small_world=14/595=0.0235294
last final state:
X=26,386,0,0,23,396,0,0,
L = 0,393,
-,00000000000000000000000000000000000000000,00000000000000000000000000011111111110110, -1141.4219
1.3406 1.0009 0.9242 0.9405 0.0020 -1141.4219
source "/mnt/lustre/home/epantaleo/altra/scripts/utils.sh";output2summary /mnt/lustre/home/epantaleo/altra/data/ 199 0 2 chr11 484399.5,486938.5,487053.5,487073.5,487238.5,487419.5,487470.5,488198.5,488312.5,488528.5,488647.5,489349.5,489399.5,489514.5,489587.5,489730.5,489733.5,489790.5,489882.5,490068.5,490419.5,490546.5,490642.5,490720.5,491120.5,491387.5,491393.5,494511.5,494512.5,494514.5,494515.5,494522.5,494543.5,494545.5,494547.5,494551.5,494560.5,494778.5,494882.5,495007.5,495053.5,497300.5
ACCEPTANCE RATIO FOR LAMBDA=                    1044/8000=0.1305
ACCEPTANCE RATIO FOR EPSILON=                  182/2000=0.091
final state:buffer=-,00000000000000000000000000011111111110000,00000000000000000000000000011111111110110, -1139.7024

-,00000000000000000000000000011111111110000,00000000000000000000000000011111111110110, -1139.7024
0.2869 0.8069 0.1714 0.8783 0.0020 -1139.7024
X=26,151,0,235,23,163,0,233,
L = 222,393,
pos: 
neg: 
36,38,_37,39, 33 28 
uns: 
27,_36, 2 1 
28,_36, 3 2 
30,_37, 7 7 
31,_37, 21 32 
32,_37, 4 2 
33,_37, 5 4 
34,_37, 2 3 
35,_37, 10 9 
36,_37, 188 190 
38,_39, 64 78 
38,_40, 52 49 
39,_40, 2 3 
initial state:
-,00000000000000000000000000000111111110110,00000000000000000000000000001111111110110, 0.000000
X=31,0,3,388,32,0,2,405,
L = 392,390,
0.7869 6.0356 1.4073 5.6722 0.0157 -4553.7099
ACCEPTANCE RATIO FOR LAMBDA=                    832/8000=0.104
ACCEPTANCE RATIO FOR EPSILON=                  153/2000=0.0765
ACCEPTANCE RATIO FOR - TRANSCRIPTS = 0.0435
AR Propose Change 5SS = 0.0245399=8/326
AR Propose Change 3SS = 0.0494834=91/1839
AR Propose Add Center = 0.0185497=11/593
AR Propose Remove Center = 0.0114504=12/1048
AR Propose Swap = 0.0174825=5/286
AR Propose Recombine = 0.0360465=31/860
ar_small_world=14/622=0.022508
last final state:
X=29,151,0,242,31,158,0,250,
L = 222,393,
-,00000000000000000000000000011111111110000,00000000000000000000000000011111111110110, -1205.0023
0.1580 0.9312 0.0942 1.0265 0.0022 -1205.0023
source "/mnt/lustre/home/epantaleo/altra/scripts/utils.sh";output2summary /mnt/lustre/home/epantaleo/altra/data/ 199 0 2 chr11 484399.5,486938.5,487053.5,487073.5,487238.5,487419.5,487470.5,488198.5,488312.5,488528.5,488647.5,489349.5,489399.5,489514.5,489587.5,489730.5,489733.5,489790.5,489882.5,490068.5,490419.5,490546.5,490642.5,490720.5,491120.5,491387.5,491393.5,494511.5,494512.5,494514.5,494515.5,494522.5,494543.5,494545.5,494547.5,494551.5,494560.5,494778.5,494882.5,495007.5,495053.5,497300.5
ACCEPTANCE RATIO FOR LAMBDA=                    880/8000=0.11
ACCEPTANCE RATIO FOR EPSILON=                  177/2000=0.0885
final state:buffer=-,00000000000000000000000000000011111110000,00000000000000000000000000011111111110110, -1208.9123

-,00000000000000000000000000000011111110000,00000000000000000000000000011111111110110, -1208.9123
0.9741 0.1326 0.9029 0.0822 0.0031 -1208.9123
X=29,0,156,237,31,0,161,247,
L = 393,218,
pos: 
neg: 
36,38,_37,39, 20 27 
uns: 
27,_36, 1 0 
28,_36, 2 4 
29,_36, 2 0 
30,_37, 7 7 
31,_37, 20 25 
32,_37, 3 2 
33,_37, 1 2 
34,_37, 4 5 
35,_37, 17 13 
36,_37, 203 195 
38,_39, 86 73 
38,_40, 54 46 
39,_40, 3 1 
initial state:
-,00000000000000000000000000000000001110110,00000000000000000000000000011111111110110, 0.000000
X=32,0,36,387,25,0,40,360,
L = 393,357,
1.8168 1.3387 3.3048 1.3794 0.0249 -2760.3498
ACCEPTANCE RATIO FOR LAMBDA=                    792/8000=0.099
ACCEPTANCE RATIO FOR EPSILON=                  161/2000=0.0805
ACCEPTANCE RATIO FOR - TRANSCRIPTS = 0.066
AR Propose Change 5SS = 0.013468=4/297
AR Propose Change 3SS = 0.0467137=86/1841
AR Propose Add Center = 0.00670017=4/597
AR Propose Remove Center = 0.00478011=5/1046
AR Propose Swap = 0.120482=30/249
AR Propose Recombine = 0.0784543=67/854
ar_small_world=7/602=0.0116279
last final state:
X=32,164,0,259,25,147,0,253,
L = 221,393,
-,00000000000000000000000000001111111110000,00000000000000000000000000011111111110110, -1187.4327
0.3404 0.8612 0.5340 0.7117 0.0027 -1187.4327
source "/mnt/lustre/home/epantaleo/altra/scripts/utils.sh";output2summary /mnt/lustre/home/epantaleo/altra/data/ 199 0 2 chr11 484399.5,486938.5,487053.5,487073.5,487238.5,487419.5,487470.5,488198.5,488312.5,488528.5,488647.5,489349.5,489399.5,489514.5,489587.5,489730.5,489733.5,489790.5,489882.5,490068.5,490419.5,490546.5,490642.5,490720.5,491120.5,491387.5,491393.5,494511.5,494512.5,494514.5,494515.5,494522.5,494543.5,494545.5,494547.5,494551.5,494560.5,494778.5,494882.5,495007.5,495053.5,497300.5
ACCEPTANCE RATIO FOR LAMBDA=                    830/8000=0.10375
ACCEPTANCE RATIO FOR EPSILON=                  159/2000=0.0795
final state:buffer=-,00000000000000000000000000001111111110000,00000000000000000000000000011111111110110, -1185.7550

-,00000000000000000000000000001111111110000,00000000000000000000000000011111111110110, -1185.7550
1.0154 0.1061 0.9911 0.0712 0.0025 -1185.7550
X=32,0,164,259,25,0,147,253,
L = 393,221,
pos: 
neg: 
36,38,_37,39, 31 29 
uns: 
28,_36, 5 3 
29,_36, 3 2 
30,_37, 6 7 
31,_37, 24 33 
32,_37, 1 1 
33,_37, 5 1 
34,_37, 1 6 
35,_37, 7 10 
36,_37, 192 189 
38,_39, 84 79 
38,_40, 39 55 
39,_40, 1 2 
27,_36, 0 1 
initial state:
-,00000000000000000000000000000000111111110,00000000000000000000000000001111111110110, 0.000000
X=22,69,0,330,27,74,0,343,
L = 465,392,
1.0234 1.0880 0.7780 0.2337 0.0105 -1690.9941
ACCEPTANCE RATIO FOR LAMBDA=                    879/8000=0.109875
ACCEPTANCE RATIO FOR EPSILON=                  182/2000=0.091
ACCEPTANCE RATIO FOR - TRANSCRIPTS = 0.0545
AR Propose Change 5SS = 0.0126582=4/316
AR Propose Change 3SS = 0.0354839=66/1860
AR Propose Add Center = 0.0224525=13/579
AR Propose Remove Center = 0.0139485=13/932
AR Propose Swap = 0.0902256=24/266
AR Propose Recombine = 0.0729665=61/836
ar_small_world=11/585=0.0188034
last final state:
X=22,160,0,239,26,169,0,249,
L = 219,393,
-,00000000000000000000000000000111111110000,00000000000000000000000000011111111110110, -1132.8317
0.1818 1.0001 0.2082 0.9831 0.0017 -1132.8317
source "/mnt/lustre/home/epantaleo/altra/scripts/utils.sh";output2summary /mnt/lustre/home/epantaleo/altra/data/ 199 0 2 chr11 484399.5,486938.5,487053.5,487073.5,487238.5,487419.5,487470.5,488198.5,488312.5,488528.5,488647.5,489349.5,489399.5,489514.5,489587.5,489730.5,489733.5,489790.5,489882.5,490068.5,490419.5,490546.5,490642.5,490720.5,491120.5,491387.5,491393.5,494511.5,494512.5,494514.5,494515.5,494522.5,494543.5,494545.5,494547.5,494551.5,494560.5,494778.5,494882.5,495007.5,495053.5,497300.5
ACCEPTANCE RATIO FOR LAMBDA=                    1004/8000=0.1255
ACCEPTANCE RATIO FOR EPSILON=                  190/2000=0.095
final state:buffer=-,00000000000000000000000000000011111110000,00000000000000000000000000011111111110110, -1132.6062

-,00000000000000000000000000000011111110000,00000000000000000000000000011111111110110, -1132.6062
0.8875 0.1557 1.0283 0.1959 0.0019 -1132.6062
X=22,0,163,236,26,0,171,247,
L = 393,218,
pos: 
neg: 
36,38,_37,39, 30 35 
uns: 
27,_36, 2 2 
29,_36, 1 2 
30,_37, 3 6 
31,_37, 31 23 
32,_37, 1 3 
33,_37, 3 2 
34,_37, 6 4 
35,_37, 9 7 
36,_37, 230 184 
38,_39, 93 90 
38,_40, 48 56 
39,_40, 2 0 
28,_36, 0 3 
initial state:
+,01000000000000000000000000000000000000000,01100100000000000000000000000000000000000, 0.000000
X=494,0,0,0,461,0,0,0,
L = 70,141,
0.5247 0.3507 0.4978 0.5003 0.0084 -4971.0797
ACCEPTANCE RATIO FOR LAMBDA=                    2559/8000=0.319875
ACCEPTANCE RATIO FOR EPSILON=                  48/2000=0.024
ACCEPTANCE RATIO FOR + TRANSCRIPTS = 0.249
AR Propose Change 5SS = 0.0652174=3/46
AR Propose Change 3SS = 0=0/30
AR Propose Add Center = 0.0284698=32/1124
AR Propose Remove Center = 0.443038=35/79
AR Propose Swap = 0.57047=170/298
AR Propose Recombine = 0.516959=442/855
ar_small_world=134/586=0.228669
last final state:
X=494,0,0,0,461,0,0,0,
L = 0,0,
+,00000000000000000000000000000000000000000, -4096.4039
0.6610 1.4693 3.1664 1.9213 0.0386 -4096.4039
source "/mnt/lustre/home/epantaleo/altra/scripts/utils.sh";output2summary /mnt/lustre/home/epantaleo/altra/data/ 199 2 0 chr11 484399.5,486938.5,487053.5,487073.5,487238.5,487419.5,487470.5,488198.5,488312.5,488528.5,488647.5,489349.5,489399.5,489514.5,489587.5,489730.5,489733.5,489790.5,489882.5,490068.5,490419.5,490546.5,490642.5,490720.5,491120.5,491387.5,491393.5,494511.5,494512.5,494514.5,494515.5,494522.5,494543.5,494545.5,494547.5,494551.5,494560.5,494778.5,494882.5,495007.5,495053.5,497200.5
pos: 
neg: 
uns: 
initial state:
+,000011010100101000000000000,010000000000000000000000000, 0.000000
X=0,0,0,0,0,0,0,0,
L = 70,678,
0.7819 1.8758 0.8428 2.5367 0.0021 -3137.4065
ACCEPTANCE RATIO FOR LAMBDA=                    2800/8000=0.35
ACCEPTANCE RATIO FOR EPSILON=                  588/2000=0.294
ACCEPTANCE RATIO FOR + TRANSCRIPTS = 0.237
AR Propose Change 5SS = 0.25=18/72
AR Propose Change 3SS = 0.26087=12/46
AR Propose Add Center = 0.0485612=54/1112
AR Propose Remove Center = 0.495868=60/121
AR Propose Swap = 0.478548=145/303
AR Propose Recombine = 0.463244=397/857
ar_small_world=164/613=0.267537
last final state:
X=0,0,0,0,0,0,0,0,
L = 0,0,
+,000000000000000000000000000, -3.2685
5.3781 0.6407 3.6339 0.6341 0.0002 -3.2685
source "/mnt/lustre/home/epantaleo/altra/scripts/utils.sh";output2summary /mnt/lustre/home/epantaleo/altra/data/ 199 2 0 chr11 484399.5,486938.5,487053.5,487073.5,487238.5,487419.5,487470.5,488198.5,488312.5,488528.5,488647.5,489349.5,489399.5,489514.5,489587.5,489730.5,489733.5,489790.5,489882.5,490068.5,490419.5,490546.5,490642.5,490720.5,491120.5,491387.5,491393.5,492000.5
Reinitializing Centers
ACCEPTANCE RATIO FOR LAMBDA=                    2404/4000=0.601
ACCEPTANCE RATIO FOR EPSILON=                  531/2000=0.2655
final state:buffer=+,000000011111111111111111110, -2.4304

+,000000011111111111111111110, -2.4304
0.0000 0.0000 0.0002 -2.4304
X=0,0,0,0,
L = 3150,
pos: 
neg: 
uns: 
initial state:
+,000011010100101000000000000,011001010100101100101111100, 0.000000
X=0,0,0,0,0,0,0,0,
L = 1789,678,
3.8773 0.6132 1.4824 3.0503 0.0163 -12320.7878
ACCEPTANCE RATIO FOR LAMBDA=                    4626/8000=0.57825
ACCEPTANCE RATIO FOR EPSILON=                  545/2000=0.2725
ACCEPTANCE RATIO FOR + TRANSCRIPTS = 0.6665
AR Propose Change 5SS = 0.85069=678/797
AR Propose Change 3SS = 0.852336=456/535
AR Propose Add Center = 0.71731=576/803
AR Propose Remove Center = 0.911765=589/646
AR Propose Swap = 0.847973=251/296
AR Propose Recombine = 0.806228=699/867
ar_small_world=486/607=0.800659
last final state:
X=0,0,0,0,0,0,0,0,
L = 0,0,
+,000000000000000000000000000, -3.7626
1.7948 1.0068 0.4014 1.2928 0.0002 -3.7626
source "/mnt/lustre/home/epantaleo/altra/scripts/utils.sh";output2summary /mnt/lustre/home/epantaleo/altra/data/ 199 2 0 chr11 484399.5,486938.5,487053.5,487073.5,487238.5,487419.5,487470.5,488198.5,488312.5,488528.5,488647.5,489349.5,489399.5,489514.5,489587.5,489730.5,489733.5,489790.5,489882.5,490068.5,490419.5,490546.5,490642.5,490720.5,491120.5,491387.5,491393.5,492000.5
Reinitializing Centers
ACCEPTANCE RATIO FOR LAMBDA=                    4908/8000=0.6135
ACCEPTANCE RATIO FOR EPSILON=                  534/2000=0.267
final state:buffer=+,000001111111111111111111100,000001111111111111111111111, -5.5752

+,000001111111111111111111100,000001111111111111111111111, -5.5752
0.0000 0.0000 0.0000 0.0001 0.0003 -5.5752
X=0,0,0,0,0,0,0,0,
L = 3923,4536,
pos: 
neg: 
uns: 
initial state:
+,011001010100101100101100110,011001010100101100101111100, 0.000000
X=0,0,0,0,0,0,0,0,
L = 1317,1789,
0.3534 4.3854 0.3418 3.3441 0.0176 -15011.4860
ACCEPTANCE RATIO FOR LAMBDA=                    3924/8000=0.4905
ACCEPTANCE RATIO FOR EPSILON=                  582/2000=0.291
ACCEPTANCE RATIO FOR + TRANSCRIPTS = 0.507
AR Propose Change 5SS = 0.823158=391/475
AR Propose Change 3SS = 0.811966=285/351
AR Propose Add Center = 0.412998=394/954
AR Propose Remove Center = 0.878205=411/468
AR Propose Swap = 0.681507=199/292
AR Propose Recombine = 0.669006=572/855
ar_small_world=362/598=0.605351
last final state:
X=0,0,0,0,0,0,0,0,
L = 0,0,
+,000000000000000000000000000, -4.5171
4.4140 5.0444 1.8489 1.8600 0.0003 -4.5171
source "/mnt/lustre/home/epantaleo/altra/scripts/utils.sh";output2summary /mnt/lustre/home/epantaleo/altra/data/ 199 2 0 chr11 484399.5,486938.5,487053.5,487073.5,487238.5,487419.5,487470.5,488198.5,488312.5,488528.5,488647.5,489349.5,489399.5,489514.5,489587.5,489730.5,489733.5,489790.5,489882.5,490068.5,490419.5,490546.5,490642.5,490720.5,491120.5,491387.5,491393.5,492000.5
ACCEPTANCE RATIO FOR LAMBDA=                    2367/4000=0.59175
ACCEPTANCE RATIO FOR EPSILON=                  532/2000=0.266
final state:buffer=+,000000000111111111100000000, -7.4771

+,000000000111111111100000000, -7.4771
0.0007 0.0000 0.0004 -7.4771
X=0,0,0,0,
L = 1495,
pos: 
neg: 
uns: 
initial state:
+,000000000001101100101000000,011001010100101100101100110, 0.000000
X=0,0,0,0,0,0,0,0,
L = 1317,579,
0.4223 0.4499 1.1240 0.2065 0.0108 -2580.0103
ACCEPTANCE RATIO FOR LAMBDA=                    2832/8000=0.354
ACCEPTANCE RATIO FOR EPSILON=                  546/2000=0.273
ACCEPTANCE RATIO FOR + TRANSCRIPTS = 0.2515
AR Propose Change 5SS = 0.375=30/80
AR Propose Change 3SS = 0.346154=27/78
AR Propose Add Center = 0.0821033=89/1084
AR Propose Remove Center = 0.607143=102/168
AR Propose Swap = 0.536332=155/289
AR Propose Recombine = 0.51625=413/800
ar_small_world=198/621=0.318841
last final state:
X=0,0,0,0,0,0,0,0,
L = 0,0,
+,000000000000000000000000000, -10.3922
1.0459 0.6440 1.1971 0.5849 0.0007 -10.3922
source "/mnt/lustre/home/epantaleo/altra/scripts/utils.sh";output2summary /mnt/lustre/home/epantaleo/altra/data/ 199 2 0 chr11 484399.5,486938.5,487053.5,487073.5,487238.5,487419.5,487470.5,488198.5,488312.5,488528.5,488647.5,489349.5,489399.5,489514.5,489587.5,489730.5,489733.5,489790.5,489882.5,490068.5,490419.5,490546.5,490642.5,490720.5,491120.5,491387.5,491393.5,492000.5
Reinitializing Centers
ACCEPTANCE RATIO FOR LAMBDA=                    2416/4000=0.604
ACCEPTANCE RATIO FOR EPSILON=                  537/2000=0.2685
final state:buffer=+,111111000001111111100000000, -4.9528

+,111111000001111111100000000, -4.9528
0.0000 0.0000 0.0003 -4.9528
X=0,0,0,0,
L = 3745,
pos: 
neg: 
uns: 
initial state:
+,000000000000000000000000000000000000000000001101100101000,000000000000000000000000000101001000000000000000000000000, 0.000000
X=0,0,0,0,0,0,0,0,
L = 551,579,
1.2609 3.5178 1.0310 1.5217 0.0081 -4871.6043
ACCEPTANCE RATIO FOR LAMBDA=                    3168/8000=0.396
ACCEPTANCE RATIO FOR EPSILON=                  465/2000=0.2325
ACCEPTANCE RATIO FOR + TRANSCRIPTS = 0.228
AR Propose Change 5SS = 0.168675=14/83
AR Propose Change 3SS = 0.258427=23/89
AR Propose Add Center = 0.0735568=79/1074
AR Propose Remove Center = 0.52439=86/164
AR Propose Swap = 0.369004=100/271
AR Propose Recombine = 0.377528=336/890
ar_small_world=141/609=0.231527
last final state:
X=0,0,0,0,0,0,0,0,
L = 0,0,
+,000000000000000000000000000000000000000000000000000000000, -7.3521
0.4722 1.7026 0.4099 0.8997 0.0001 -7.3521
source "/mnt/lustre/home/epantaleo/altra/scripts/utils.sh";output2summary /mnt/lustre/home/epantaleo/altra/data/ 199 2 0 chr11 448266.5,448267.5,448419.5,450279.5,450295.5,450326.5,450346.5,450353.5,450419.5,450450.5,450637.5,451351.5,451384.5,451493.5,458673.5,458860.5,459111.5,460186.5,460288.5,460760.5,460879.5,461051.5,462929.5,463041.5,463347.5,463899.5,473894.5,473919.5,473977.5,479084.5,479152.5,479445.5,480124.5,480594.5,486938.5,487053.5,487073.5,487238.5,487419.5,487470.5,488198.5,488312.5,488528.5,488647.5,489349.5,489399.5,489514.5,489587.5,489730.5,489733.5,489790.5,489882.5,490068.5,490419.5,490546.5,490642.5,490720.5,491000.5
ACCEPTANCE RATIO FOR LAMBDA=                    2467/4000=0.61675
ACCEPTANCE RATIO FOR EPSILON=                  469/2000=0.2345
final state:buffer=+,000000000100000001111000000001111011111111111101111100000, -5.4555

+,000000000100000001111000000001111011111111111101111100000, -5.4555
0.0000 0.0000 0.0001 -5.4555
X=0,0,0,0,
L = 5574,
pos: 
1,17,_2,18, 20 3 
9,17,_10,18, 3 20 
17,29,_18,30, 20 2 
17,26,_18,27, 2 13 
17,26,_18,28, 1 12 
29,34,_30,35, 35 36 
34,38,_36,39, 1 11 
35,38,_36,39, 1 11 
38,40,_39,41, 4 22 
40,42,_41,43, 2 34 
42,45,_43,46, 4 24 
45,47,_46,48, 7 38 
47,51,_49,52, 2 32 
51,53,_52,54, 2 30 
27,29,_28,30, 0 26 
neg: 
uns: 
1,_2, 110 12 
3,_5, 1 5 
3,_6, 1 16 
4,_8, 6 19 
5,_8, 2 16 
6,_8, 2 2 
7,_8, 1 26 
7,_9, 2 31 
7,_10, 1 16 
8,_10, 2 27 
9,_10, 12 140 
17,_18, 63 62 
26,_28, 2 24 
27,_28, 1 15 
29,_30, 27 28 
34,_35, 80 73 
34,_36, 1 26 
38,_39, 1 8 
40,_41, 10 84 
42,_43, 5 73 
45,_46, 7 66 
47,_48, 15 108 
51,_52, 18 155 
53,_54, 9 77 
53,_55, 2 43 
54,_55, 7 34 
54,_56, 5 36 
55,_56, 3 37 
55,_57, 5 39 
56,_57, 22 241 
4,_6, 0 3 
4,_7, 0 10 
47,_49, 0 1 
initial state:
+,000001111100000001010000000000000000000000000000000000000,000011111100100001000000001101000011001000000000000000000, 0.000000
X=281,3,158,85,1212,20,315,320,
L = 845,487,
2.0341 1.9943 2.0093 0.7648 0.0090 -11785.0393
ACCEPTANCE RATIO FOR LAMBDA=                    444/8000=0.0555
ACCEPTANCE RATIO FOR EPSILON=                  107/2000=0.0535
ACCEPTANCE RATIO FOR + TRANSCRIPTS = 0.0525
AR Propose Change 5SS = 0.0208=13/625
AR Propose Change 3SS = 0.0229645=11/479
AR Propose Add Center = 0.0239651=22/918
AR Propose Remove Center = 0.0316667=19/600
AR Propose Swap = 0.164948=48/291
AR Propose Recombine = 0.0495495=44/888
ar_small_world=14/616=0.0227273
last final state:
X=15,150,156,206,126,17,1499,225,
L = 3405,412,
+,000111111100000001000000001101000011001011111111100111111,010000000000000001000000000001000011000000000000000000000, -4998.1035
0.0486 0.8058 0.4768 0.2204 0.0020 -4998.1035
source "/mnt/lustre/home/epantaleo/altra/scripts/utils.sh";output2summary /mnt/lustre/home/epantaleo/altra/data/ 199 2 0 chr11 448266.5,448267.5,448419.5,450279.5,450295.5,450326.5,450346.5,450353.5,450419.5,450450.5,450637.5,451351.5,451384.5,451493.5,458673.5,458860.5,459111.5,460186.5,460288.5,460760.5,460879.5,461051.5,462929.5,463041.5,463347.5,463899.5,473894.5,473919.5,473977.5,479084.5,479152.5,479445.5,480124.5,480594.5,486938.5,487053.5,487073.5,487238.5,487419.5,487470.5,488198.5,488312.5,488528.5,488647.5,489349.5,489399.5,489514.5,489587.5,489730.5,489733.5,489790.5,489882.5,490068.5,490419.5,490546.5,490642.5,490720.5,491000.5
ACCEPTANCE RATIO FOR LAMBDA=                    397/8000=0.049625
ACCEPTANCE RATIO FOR EPSILON=                  95/2000=0.0475
final state:buffer=+,000111111100000001000000001101000011001011111111100111111,010000000000000001000000000001000011000000000000000000000, -4998.4875

+,000111111100000001000000001101000011001011111111100111111,010000000000000001000000000001000011000000000000000000000, -4998.4875
0.8190 0.0460 0.2327 0.4900 0.0020 -4998.4875
X=15,156,150,206,126,1499,17,225,
L = 412,3405,
pos: 
1,17,_2,18, 20 3 
9,17,_10,18, 5 30 
17,29,_18,30, 31 4 
17,26,_18,27, 3 17 
27,29,_28,30, 1 17 
29,34,_30,35, 21 39 
34,38,_36,39, 2 14 
35,38,_36,39, 1 13 
38,40,_39,41, 1 26 
40,42,_41,43, 3 33 
42,45,_43,46, 4 13 
45,47,_46,48, 2 26 
47,51,_49,52, 5 26 
51,53,_52,54, 1 23 
17,26,_18,28, 0 13 
neg: 
uns: 
1,_2, 124 12 
3,_5, 1 2 
3,_6, 1 20 
4,_7, 2 5 
4,_8, 3 22 
5,_8, 1 23 
7,_8, 1 18 
7,_9, 5 31 
7,_10, 1 13 
8,_10, 4 34 
9,_10, 14 133 
17,_18, 58 66 
26,_28, 4 31 
27,_28, 4 13 
29,_30, 21 30 
34,_35, 87 81 
38,_39, 1 4 
40,_41, 6 63 
42,_43, 6 77 
45,_46, 5 68 
47,_48, 8 105 
47,_49, 1 2 
51,_52, 15 127 
53,_54, 10 77 
53,_55, 3 45 
54,_55, 3 69 
54,_56, 5 38 
55,_56, 1 36 
55,_57, 3 43 
56,_57, 17 224 
4,_6, 0 10 
6,_8, 0 11 
34,_36, 0 19 
initial state:
+,000000011100100001111000000000000000000000000000000000000,000001111100000001010000000000000000000000000000000000000, 0.000000
X=426,0,6,83,1490,0,64,295,
L = 487,1213,
0.4166 1.1534 0.5651 1.5408 0.0025 -15216.8283
ACCEPTANCE RATIO FOR LAMBDA=                    693/8000=0.086625
ACCEPTANCE RATIO FOR EPSILON=                  103/2000=0.0515
ACCEPTANCE RATIO FOR + TRANSCRIPTS = 0.068
AR Propose Change 5SS = 0.0382409=20/523
AR Propose Change 3SS = 0.0589391=30/509
AR Propose Add Center = 0.03946=38/963
AR Propose Remove Center = 0.0447977=31/692
AR Propose Swap = 0.133094=37/278
AR Propose Recombine = 0.0408879=35/856
ar_small_world=15/610=0.0245902
last final state:
X=13,96,219,187,114,1006,494,235,
L = 2066,1333,
+,000111111100000001000000001101000011001000000000000001111,010000000000000001000000000001000011000010111111111100000, -4752.7858
0.1600 0.1368 0.2437 0.9192 0.0017 -4752.7858
source "/mnt/lustre/home/epantaleo/altra/scripts/utils.sh";output2summary /mnt/lustre/home/epantaleo/altra/data/ 199 2 0 chr11 448266.5,448267.5,448419.5,450279.5,450295.5,450326.5,450346.5,450353.5,450419.5,450450.5,450637.5,451351.5,451384.5,451493.5,458673.5,458860.5,459111.5,460186.5,460288.5,460760.5,460879.5,461051.5,462929.5,463041.5,463347.5,463899.5,473894.5,473919.5,473977.5,479084.5,479152.5,479445.5,480124.5,480594.5,486938.5,487053.5,487073.5,487238.5,487419.5,487470.5,488198.5,488312.5,488528.5,488647.5,489349.5,489399.5,489514.5,489587.5,489730.5,489733.5,489790.5,489882.5,490068.5,490419.5,490546.5,490642.5,490720.5,491000.5
ACCEPTANCE RATIO FOR LAMBDA=                    259/8000=0.032375
ACCEPTANCE RATIO FOR EPSILON=                  120/2000=0.06
final state:buffer=+,000111111100000001000000001101000011001000000000000001111,010000000000000001000000000001000011000010111111111100000, -4751.3796

+,000111111100000001000000001101000011001000000000000001111,010000000000000001000000000001000011000010111111111100000, -4751.3796
0.1572 0.1389 0.2677 0.8545 0.0016 -4751.3796
X=13,96,219,187,114,1006,494,235,
L = 2066,1333,
pos: 
1,17,_2,18, 20 3 
9,17,_10,18, 5 30 
17,29,_18,30, 31 4 
17,26,_18,27, 3 17 
27,29,_28,30, 1 17 
29,34,_30,35, 21 39 
34,38,_36,39, 2 14 
35,38,_36,39, 1 13 
38,40,_39,41, 1 26 
40,42,_41,43, 3 33 
42,45,_43,46, 4 13 
45,47,_46,48, 2 26 
47,51,_49,52, 5 26 
51,53,_52,54, 1 23 
17,26,_18,28, 0 13 
neg: 
uns: 
1,_2, 124 12 
3,_5, 1 2 
3,_6, 1 20 
4,_7, 2 5 
4,_8, 3 22 
5,_8, 1 23 
7,_8, 1 18 
7,_9, 5 31 
7,_10, 1 13 
8,_10, 4 34 
9,_10, 14 133 
17,_18, 58 66 
26,_28, 4 31 
27,_28, 4 13 
29,_30, 21 30 
34,_35, 87 81 
38,_39, 1 4 
40,_41, 6 63 
42,_43, 6 77 
45,_46, 5 68 
47,_48, 8 105 
47,_49, 1 2 
51,_52, 15 127 
53,_54, 10 77 
53,_55, 3 45 
54,_55, 3 69 
54,_56, 5 38 
55,_56, 1 36 
55,_57, 3 43 
56,_57, 17 224 
4,_6, 0 10 
6,_8, 0 11 
34,_36, 0 19 
initial state:
+,000000000000000000000000000101001000000000000000000000000,000000000000001111000000001101000011001010100101100101100, 0.000000
X=239,250,0,26,712,1077,0,60,
L = 551,2810,
2.6357 0.2201 0.6765 0.4459 0.0085 -10140.5485
ACCEPTANCE RATIO FOR LAMBDA=                    464/8000=0.058
ACCEPTANCE RATIO FOR EPSILON=                  128/2000=0.064
ACCEPTANCE RATIO FOR + TRANSCRIPTS = 0.045
AR Propose Change 5SS = 0.0169492=10/590
AR Propose Change 3SS = 0.0334029=16/479
AR Propose Add Center = 0.0202703=18/888
AR Propose Remove Center = 0.0232258=18/775
AR Propose Swap = 0.125=35/280
AR Propose Recombine = 0.0314685=27/858
ar_small_world=8/595=0.0134454
last final state:
X=7,175,146,187,83,19,1531,216,
L = 2035,393,
+,000111111100000001000000001101000011000010100111100101111,110000000000000001000000000001000010000000000000000000000, -3684.0330
0.0708 0.8713 0.8283 0.0870 0.0011 -3684.0330
source "/mnt/lustre/home/epantaleo/altra/scripts/utils.sh";output2summary /mnt/lustre/home/epantaleo/altra/data/ 199 2 0 chr11 448266.5,448267.5,448419.5,450279.5,450295.5,450326.5,450346.5,450353.5,450419.5,450450.5,450637.5,451351.5,451384.5,451493.5,458673.5,458860.5,459111.5,460186.5,460288.5,460760.5,460879.5,461051.5,462929.5,463041.5,463347.5,463899.5,473894.5,473919.5,473977.5,479084.5,479152.5,479445.5,480124.5,480594.5,486938.5,487053.5,487073.5,487238.5,487419.5,487470.5,488198.5,488312.5,488528.5,488647.5,489349.5,489399.5,489514.5,489587.5,489730.5,489733.5,489790.5,489882.5,490068.5,490419.5,490546.5,490642.5,490720.5,491000.5
ACCEPTANCE RATIO FOR LAMBDA=                    436/8000=0.0545
ACCEPTANCE RATIO FOR EPSILON=                  147/2000=0.0735
final state:buffer=+,000111111100000001000000001101000011000010100111100101111,110000000000000001000000000001000010000000000000000000000, -3685.1229

+,000111111100000001000000001101000011000010100111100101111,110000000000000001000000000001000010000000000000000000000, -3685.1229
0.9429 0.0865 0.1083 0.8128 0.0011 -3685.1229
X=7,146,175,187,83,1531,19,216,
L = 393,2035,
pos: 
1,17,_2,18, 20 3 
9,17,_10,18, 5 30 
17,29,_18,30, 31 4 
17,26,_18,27, 3 17 
27,29,_28,30, 1 17 
29,34,_30,35, 21 39 
34,38,_36,39, 2 14 
35,38,_36,39, 1 13 
38,40,_39,41, 1 26 
40,42,_41,43, 3 33 
42,45,_43,46, 4 13 
45,47,_46,48, 2 26 
47,51,_49,52, 5 26 
51,53,_52,54, 1 23 
17,26,_18,28, 0 13 
neg: 
uns: 
1,_2, 124 12 
3,_5, 1 2 
3,_6, 1 20 
4,_7, 2 5 
4,_8, 3 22 
5,_8, 1 23 
7,_8, 1 18 
7,_9, 5 31 
7,_10, 1 13 
8,_10, 4 34 
9,_10, 14 133 
17,_18, 58 66 
26,_28, 4 31 
27,_28, 4 13 
29,_30, 21 30 
34,_35, 87 81 
38,_39, 1 4 
40,_41, 6 63 
42,_43, 6 77 
45,_46, 5 68 
47,_48, 8 105 
47,_49, 1 2 
51,_52, 15 127 
53,_54, 10 77 
53,_55, 3 45 
54,_55, 3 69 
54,_56, 5 38 
55,_56, 1 36 
55,_57, 3 43 
56,_57, 17 224 
4,_6, 0 10 
6,_8, 0 11 
34,_36, 0 19 
initial state:
+,000000000000000000000000000000000000000000001101100101000,000000000101100001000000001100000000000000000000000000000, 0.000000
X=385,83,47,0,1122,273,454,0,
L = 579,469,
0.4827 0.5940 0.4456 0.3967 0.0713 -11641.5758
ACCEPTANCE RATIO FOR LAMBDA=                    400/8000=0.05
ACCEPTANCE RATIO FOR EPSILON=                  108/2000=0.054
ACCEPTANCE RATIO FOR + TRANSCRIPTS = 0.0675
AR Propose Change 5SS = 0.0500782=32/639
AR Propose Change 3SS = 0.0321168=22/685
AR Propose Add Center = 0.0406291=31/763
AR Propose Remove Center = 0.0427046=24/562
AR Propose Swap = 0.125874=36/286
AR Propose Recombine = 0.0541814=46/849
ar_small_world=15/613=0.0244698
last final state:
X=29,142,53,291,115,152,229,1353,
L = 3793,1766,
+,000111111100000001000000000001000011111111100111111111111,010111111100000001000000001101000011000000000001100101111, -4851.5308
0.0195 0.2117 0.1214 0.7210 0.0021 -4851.5308
source "/mnt/lustre/home/epantaleo/altra/scripts/utils.sh";output2summary /mnt/lustre/home/epantaleo/altra/data/ 199 2 0 chr11 448266.5,448267.5,448419.5,450279.5,450295.5,450326.5,450346.5,450353.5,450419.5,450450.5,450637.5,451351.5,451384.5,451493.5,458673.5,458860.5,459111.5,460186.5,460288.5,460760.5,460879.5,461051.5,462929.5,463041.5,463347.5,463899.5,473894.5,473919.5,473977.5,479084.5,479152.5,479445.5,480124.5,480594.5,486938.5,487053.5,487073.5,487238.5,487419.5,487470.5,488198.5,488312.5,488528.5,488647.5,489349.5,489399.5,489514.5,489587.5,489730.5,489733.5,489790.5,489882.5,490068.5,490419.5,490546.5,490642.5,490720.5,491000.5
ACCEPTANCE RATIO FOR LAMBDA=                    414/8000=0.05175
ACCEPTANCE RATIO FOR EPSILON=                  111/2000=0.0555
final state:buffer=+,000111111100000001000000000001000011111111100111111111111,010111111100000001000000001101000011000000000001100101111, -4847.5754

+,000111111100000001000000000001000011111111100111111111111,010111111100000001000000001101000011000000000001100101111, -4847.5754
0.2520 0.0191 0.7939 0.1031 0.0018 -4847.5754
X=29,53,142,291,115,229,152,1353,
L = 1766,3793,
pos: 
1,17,_2,18, 20 3 
9,17,_10,18, 5 30 
17,29,_18,30, 31 4 
17,26,_18,27, 3 17 
27,29,_28,30, 1 17 
29,34,_30,35, 21 39 
34,38,_36,39, 2 14 
35,38,_36,39, 1 13 
38,40,_39,41, 1 26 
40,42,_41,43, 3 33 
42,45,_43,46, 4 13 
45,47,_46,48, 2 26 
47,51,_49,52, 5 26 
51,53,_52,54, 1 23 
17,26,_18,28, 0 13 
neg: 
uns: 
1,_2, 124 12 
3,_5, 1 2 
3,_6, 1 20 
4,_7, 2 5 
4,_8, 3 22 
5,_8, 1 23 
7,_8, 1 18 
7,_9, 5 31 
7,_10, 1 13 
8,_10, 4 34 
9,_10, 14 133 
17,_18, 58 66 
26,_28, 4 31 
27,_28, 4 13 
29,_30, 21 30 
34,_35, 87 81 
38,_39, 1 4 
40,_41, 6 63 
42,_43, 6 77 
45,_46, 5 68 
47,_48, 8 105 
47,_49, 1 2 
51,_52, 15 127 
53,_54, 10 77 
53,_55, 3 45 
54,_55, 3 69 
54,_56, 5 38 
55,_56, 1 36 
55,_57, 3 43 
56,_57, 17 224 
4,_6, 0 10 
6,_8, 0 11 
34,_36, 0 19 
initial state:
+,000000000000000000000000000000000000000000001101100101000,000000000000000000000000000101001000000000000000000000000, 0.000000
X=442,26,47,0,1335,60,454,0,
L = 579,551,
3.1828 0.4136 6.0159 0.1283 0.0315 -13721.8124
ACCEPTANCE RATIO FOR LAMBDA=                    438/8000=0.05475
ACCEPTANCE RATIO FOR EPSILON=                  122/2000=0.061
ACCEPTANCE RATIO FOR + TRANSCRIPTS = 0.049
AR Propose Change 5SS = 0.0137741=10/726
AR Propose Change 3SS = 0.0258065=16/620
AR Propose Add Center = 0.0297974=25/839
AR Propose Remove Center = 0.0215517=15/696
AR Propose Swap = 0.152027=45/296
AR Propose Recombine = 0.0325407=26/799
ar_small_world=9/590=0.0152542
last final state:
X=8,109,182,216,90,1170,71,518,
L = 839,2343,
+,000111111100000001000000001101000011000011100111101101111,010000000000000001000000000001000010000000000101100100000, -4261.0877
0.4301 0.0555 0.2741 0.6686 0.0013 -4261.0877
source "/mnt/lustre/home/epantaleo/altra/scripts/utils.sh";output2summary /mnt/lustre/home/epantaleo/altra/data/ 199 2 0 chr11 448266.5,448267.5,448419.5,450279.5,450295.5,450326.5,450346.5,450353.5,450419.5,450450.5,450637.5,451351.5,451384.5,451493.5,458673.5,458860.5,459111.5,460186.5,460288.5,460760.5,460879.5,461051.5,462929.5,463041.5,463347.5,463899.5,473894.5,473919.5,473977.5,479084.5,479152.5,479445.5,480124.5,480594.5,486938.5,487053.5,487073.5,487238.5,487419.5,487470.5,488198.5,488312.5,488528.5,488647.5,489349.5,489399.5,489514.5,489587.5,489730.5,489733.5,489790.5,489882.5,490068.5,490419.5,490546.5,490642.5,490720.5,491000.5
ACCEPTANCE RATIO FOR LAMBDA=                    340/8000=0.0425
ACCEPTANCE RATIO FOR EPSILON=                  147/2000=0.0735
final state:buffer=+,000111111100000001000000001101000011000011100111101101111,010000000000000001000000000001000010000000000101100100000, -4262.5820

+,000111111100000001000000001101000011000011100111101101111,010000000000000001000000000001000010000000000101100100000, -4262.5820
0.4193 0.0523 0.2641 0.6531 0.0015 -4262.5820
X=8,109,182,216,90,1170,71,518,
L = 839,2343,
pos: 
9,17,_10,18, 26 5 
17,26,_18,27, 16 2 
17,26,_18,28, 15 3 
27,29,_28,30, 25 3 
29,34,_30,35, 38 3 
34,38,_36,39, 16 3 
35,38,_36,39, 12 3 
38,40,_39,41, 28 21 
40,42,_41,43, 29 27 
42,45,_43,46, 29 32 
45,47,_46,48, 43 28 
47,51,_49,52, 27 3 
51,53,_52,54, 31 2 
neg: 
uns: 
3,_5, 1 0 
3,_6, 18 3 
4,_6, 9 1 
4,_7, 10 0 
4,_8, 15 0 
5,_8, 32 2 
6,_8, 3 1 
7,_8, 15 1 
7,_9, 23 1 
7,_10, 18 2 
8,_10, 33 0 
9,_10, 146 16 
17,_18, 45 6 
26,_28, 27 2 
27,_28, 13 1 
29,_30, 25 2 
34,_35, 72 6 
34,_36, 14 1 
37,_38, 9 123 
37,_39, 3 44 
38,_39, 6 2 
40,_41, 77 77 
42,_43, 82 95 
45,_46, 83 75 
47,_48, 128 106 
47,_49, 2 0 
51,_52, 137 10 
53,_54, 87 10 
53,_55, 43 5 
54,_55, 51 5 
54,_56, 42 2 
55,_56, 41 1 
55,_57, 37 5 
56,_57, 235 22 
initial state:
+,000000000000000000000000000000000000000000001101100101000,000000000000001111000000001101000011001010100101100101100, 0.000000
X=716,663,0,538,229,299,0,234,
L = 579,2810,
0.4034 1.0172 0.5750 1.5778 0.2129 -26737.2063
ACCEPTANCE RATIO FOR LAMBDA=                    410/8000=0.05125
ACCEPTANCE RATIO FOR EPSILON=                  385/2000=0.1925
ACCEPTANCE RATIO FOR + TRANSCRIPTS = 0.05
AR Propose Change 5SS = 0.0256046=18/703
AR Propose Change 3SS = 0.0263591=16/607
AR Propose Add Center = 0.0272418=24/881
AR Propose Remove Center = 0.0307298=24/781
AR Propose Swap = 0.0586081=16/273
AR Propose Recombine = 0.0285375=24/841
ar_small_world=7/595=0.0117647
last final state:
X=0,927,12,978,0,345,167,250,
L = 2088,2013,
+,000000000000000000000000000000000011111000000111111111111,000111111100000001000000001101000011001010100101100101111, -3914.5037
0.0137 0.9272 0.1061 0.2550 0.0000 -3914.5037
source "/mnt/lustre/home/epantaleo/altra/scripts/utils.sh";output2summary /mnt/lustre/home/epantaleo/altra/data/ 199 2 0 chr11 448266.5,448267.5,448419.5,450279.5,450295.5,450326.5,450346.5,450353.5,450419.5,450450.5,450637.5,451351.5,451384.5,451493.5,458673.5,458860.5,459111.5,460186.5,460288.5,460760.5,460879.5,461051.5,462929.5,463041.5,463347.5,463899.5,473894.5,473919.5,473977.5,479084.5,479152.5,479445.5,480124.5,480594.5,486938.5,487053.5,487073.5,487238.5,487419.5,487470.5,488198.5,488312.5,488528.5,488647.5,489349.5,489399.5,489514.5,489587.5,489730.5,489733.5,489790.5,489882.5,490068.5,490419.5,490546.5,490642.5,490720.5,491000.5
ACCEPTANCE RATIO FOR LAMBDA=                    531/8000=0.066375
ACCEPTANCE RATIO FOR EPSILON=                  493/2000=0.2465
final state:buffer=+,000000000000000000000000000000000011111000000111111111111,000111111100000001000000001101000011001010100101100101111, -3916.8966

+,000000000000000000000000000000000011111000000111111111111,000111111100000001000000001101000011001010100101100101111, -3916.8966
0.9555 0.0116 0.2461 0.1139 0.0001 -3916.8966
X=0,12,927,978,0,167,345,250,
L = 2013,2088,
pos: 
9,17,_10,18, 49 22 
17,26,_18,27, 18 11 
17,26,_18,28, 20 11 
27,29,_28,30, 41 26 
29,34,_30,35, 64 24 
34,38,_36,39, 29 9 
35,38,_36,39, 29 13 
38,40,_39,41, 89 72 
40,42,_41,43, 70 70 
42,45,_43,46, 75 75 
45,47,_46,48, 84 76 
47,51,_49,52, 56 22 
51,53,_52,54, 47 18 
neg: 
uns: 
3,_5, 4 3 
3,_6, 29 9 
4,_6, 15 10 
4,_7, 19 10 
4,_8, 34 14 
5,_8, 35 12 
6,_8, 12 7 
7,_8, 35 21 
7,_9, 42 25 
7,_10, 29 12 
8,_10, 48 23 
9,_10, 280 128 
17,_18, 119 52 
26,_28, 65 29 
27,_28, 32 8 
29,_30, 48 20 
34,_35, 135 66 
34,_36, 36 21 
37,_38, 114 273 
37,_39, 38 97 
38,_39, 19 18 
40,_41, 181 194 
42,_43, 204 220 
45,_46, 191 201 
47,_48, 278 286 
47,_49, 4 2 
51,_52, 286 120 
53,_54, 163 64 
53,_55, 88 37 
54,_55, 89 42 
54,_56, 103 21 
55,_56, 65 25 
55,_57, 84 37 
56,_57, 497 186 
initial state:
+,000000000000000000000000000000000000000000000000001101110,000111111100000001000000001101000011001010100101100101111, 0.000000
X=152,3099,0,841,370,2045,0,327,
L = 534,2013,
0.2433 2.3709 0.5419 3.6158 0.0266 -9999.8378
ACCEPTANCE RATIO FOR LAMBDA=                    299/8000=0.037375
ACCEPTANCE RATIO FOR EPSILON=                  464/2000=0.232
ACCEPTANCE RATIO FOR + TRANSCRIPTS = 0.047
AR Propose Change 5SS = 0.0253731=17/670
AR Propose Change 3SS = 0.0295749=16/541
AR Propose Add Center = 0.0181624=17/936
AR Propose Remove Center = 0.0226365=17/751
AR Propose Swap = 0.0707071=21/297
AR Propose Recombine = 0.0504834=47/931
ar_small_world=9/637=0.0141287
last final state:
X=0,2821,152,1119,0,1291,370,1081,
L = 1995,2013,
+,000000000000000000000000000000000011111111100111000000000,000111111100000001000000001101000011001010100101100101111, -4567.7456
0.1103 1.9715 0.2838 1.0550 0.0001 -4567.7456
source "/mnt/lustre/home/epantaleo/altra/scripts/utils.sh";output2summary /mnt/lustre/home/epantaleo/altra/data/ 199 2 0 chr11 448266.5,448267.5,448419.5,450279.5,450295.5,450326.5,450346.5,450353.5,450419.5,450450.5,450637.5,451351.5,451384.5,451493.5,458673.5,458860.5,459111.5,460186.5,460288.5,460760.5,460879.5,461051.5,462929.5,463041.5,463347.5,463899.5,473894.5,473919.5,473977.5,479084.5,479152.5,479445.5,480124.5,480594.5,486938.5,487053.5,487073.5,487238.5,487419.5,487470.5,488198.5,488312.5,488528.5,488647.5,489349.5,489399.5,489514.5,489587.5,489730.5,489733.5,489790.5,489882.5,490068.5,490419.5,490546.5,490642.5,490720.5,491000.5
ACCEPTANCE RATIO FOR LAMBDA=                    214/8000=0.02675
ACCEPTANCE RATIO FOR EPSILON=                  468/2000=0.234
final state:buffer=+,000000000000000000000000000000000011111111100111000000000,000111111100000001000000001101000011001010100101100101111, -4567.1332

+,000000000000000000000000000000000011111111100111000000000,000111111100000001000000001101000011001010100101100101111, -4567.1332
1.9507 0.1076 1.0469 0.3046 0.0001 -4567.1332
X=0,152,2821,1119,0,370,1291,1081,
L = 2013,1995,
pos: 
9,17,_10,18, 53 22 
9,12,_10,13, 19 40 
12,17,_13,18, 16 60 
17,26,_18,27, 28 7 
17,26,_18,28, 28 2 
27,29,_28,30, 56 21 
29,34,_30,35, 63 22 
34,38,_36,39, 38 13 
35,38,_36,39, 20 3 
38,40,_39,41, 52 26 
40,42,_41,43, 47 14 
42,45,_43,46, 58 22 
45,47,_46,48, 67 14 
47,51,_49,52, 53 23 
51,53,_52,54, 56 25 
neg: 
uns: 
3,_5, 4 2 
3,_6, 25 7 
4,_6, 13 4 
4,_7, 15 6 
4,_8, 26 14 
5,_8, 43 21 
6,_8, 17 7 
7,_8, 53 56 
7,_9, 84 82 
7,_10, 47 33 
8,_10, 87 79 
9,_10, 397 418 
12,_13, 56 119 
17,_18, 174 166 
17,_19, 35 91 
18,_19, 330 816 
18,_20, 32 86 
19,_20, 57 140 
19,_21, 42 97 
20,_21, 110 263 
26,_28, 44 17 
27,_28, 27 8 
29,_30, 53 22 
34,_35, 146 65 
34,_36, 31 19 
38,_39, 9 4 
40,_41, 133 56 
42,_43, 153 50 
45,_46, 141 55 
47,_48, 213 79 
47,_49, 9 2 
51,_52, 277 103 
53,_54, 155 70 
53,_55, 103 28 
54,_55, 111 45 
54,_56, 85 32 
55,_56, 72 33 
55,_57, 86 31 
56,_57, 431 195 
initial state:
+,000000000000000000000000000000000000000000000000001101110,010000000000000001000000000001000010000000000000000000000, 0.000000
X=3285,859,436,0,3124,336,275,0,
L = 392,534,
0.0248 1.2035 0.0320 0.6077 0.1617 -27490.8717
ACCEPTANCE RATIO FOR LAMBDA=                    199/8000=0.024875
ACCEPTANCE RATIO FOR EPSILON=                  69/2000=0.0345
ACCEPTANCE RATIO FOR + TRANSCRIPTS = 0.069
AR Propose Change 5SS = 0.0289157=12/415
AR Propose Change 3SS = 0.0427509=23/538
AR Propose Add Center = 0.0366599=36/982
AR Propose Remove Center = 0.0469697=31/660
AR Propose Swap = 0.125=37/296
AR Propose Recombine = 0.0526932=45/854
ar_small_world=14/648=0.0216049
last final state:
X=270,2711,243,1356,93,1068,579,1995,
L = 1240,4072,
+,000001111100100001111000000000000000000000000000000000000,000111111100000001110000001101000011001011111101111111111, -9479.8007
0.6591 0.8457 1.8370 0.3194 0.0047 -9479.8007
source "/mnt/lustre/home/epantaleo/altra/scripts/utils.sh";output2summary /mnt/lustre/home/epantaleo/altra/data/ 199 2 0 chr11 448266.5,448267.5,448419.5,450279.5,450295.5,450326.5,450346.5,450353.5,450419.5,450450.5,450637.5,451351.5,451384.5,451493.5,458673.5,458860.5,459111.5,460186.5,460288.5,460760.5,460879.5,461051.5,462929.5,463041.5,463347.5,463899.5,473894.5,473919.5,473977.5,479084.5,479152.5,479445.5,480124.5,480594.5,486938.5,487053.5,487073.5,487238.5,487419.5,487470.5,488198.5,488312.5,488528.5,488647.5,489349.5,489399.5,489514.5,489587.5,489730.5,489733.5,489790.5,489882.5,490068.5,490419.5,490546.5,490642.5,490720.5,491000.5
ACCEPTANCE RATIO FOR LAMBDA=                    162/8000=0.02025
ACCEPTANCE RATIO FOR EPSILON=                  67/2000=0.0335
final state:buffer=+,000001111100100001111000000000000000000000000000000000000,000111111100000001110000001101000011001011111101111111111, -9482.0435

+,000001111100100001111000000000000000000000000000000000000,000111111100000001110000001101000011001011111101111111111, -9482.0435
0.8272 0.7524 0.3482 1.8276 0.0047 -9482.0435
X=270,243,2711,1356,93,579,1068,1995,
L = 4072,1240,
pos: 
9,17,_10,18, 38 30 
9,12,_10,13, 13 52 
12,17,_13,18, 27 51 
17,26,_18,27, 34 11 
17,26,_18,28, 18 3 
27,29,_28,30, 57 24 
29,34,_30,35, 70 27 
34,38,_36,39, 40 22 
35,38,_36,39, 32 9 
38,40,_39,41, 55 9 
40,42,_41,43, 56 20 
42,45,_43,46, 60 13 
45,47,_46,48, 54 22 
47,51,_49,52, 58 15 
51,53,_52,54, 54 26 
neg: 
uns: 
3,_5, 2 1 
3,_6, 29 8 
4,_6, 7 6 
4,_7, 12 10 
4,_8, 28 15 
5,_8, 36 19 
6,_8, 8 6 
7,_8, 59 51 
7,_9, 78 93 
7,_10, 40 39 
8,_10, 92 85 
9,_10, 403 404 
12,_13, 46 133 
17,_18, 185 181 
17,_19, 41 85 
18,_19, 351 835 
18,_20, 46 113 
19,_20, 68 146 
19,_21, 33 100 
20,_21, 83 249 
26,_28, 57 16 
27,_28, 27 13 
29,_30, 56 23 
34,_35, 162 49 
34,_36, 47 15 
38,_39, 17 4 
40,_41, 150 63 
42,_43, 162 63 
45,_46, 143 46 
47,_48, 192 71 
47,_49, 7 2 
51,_52, 296 97 
53,_54, 192 73 
53,_55, 99 33 
54,_55, 81 42 
54,_56, 78 34 
55,_56, 74 39 
55,_57, 91 35 
56,_57, 462 184 
initial state:
+,000000000000000000000000000000000000000000000000001101110,000000000000000000000000000000000000000000001101100101000, 0.000000
X=3378,332,454,542,3315,148,156,196,
L = 579,534,
1.8642 1.5059 1.9401 1.0802 0.0176 -30699.8467
ACCEPTANCE RATIO FOR LAMBDA=                    497/16000=0.0310625
ACCEPTANCE RATIO FOR EPSILON=                  133/4000=0.03325
ACCEPTANCE RATIO FOR + TRANSCRIPTS = 0.0655
AR Propose Change 5SS = 0.030303=29/957
AR Propose Change 3SS = 0.0328125=42/1280
AR Propose Add Center = 0.044293=78/1761
AR Propose Remove Center = 0.0502513=70/1393
AR Propose Swap = 0.132727=73/550
AR Propose Recombine = 0.0581602=98/1685
ar_small_world=33/1175=0.0280851
last final state:
X=114,3019,708,865,35,1157,1764,859,
L = 1220,2378,
+,000000111100100001111000000000000000000000000000000000000,000111111100000001000000001101000011001011100101111101111, -6254.5872
0.8527 1.5128 2.0520 0.5361 0.0020 -6254.5872
source "/mnt/lustre/home/epantaleo/altra/scripts/utils.sh";output2summary /mnt/lustre/home/epantaleo/altra/data/ 399 2 0 chr11 448266.5,448267.5,448419.5,450279.5,450295.5,450326.5,450346.5,450353.5,450419.5,450450.5,450637.5,451351.5,451384.5,451493.5,458673.5,458860.5,459111.5,460186.5,460288.5,460760.5,460879.5,461051.5,462929.5,463041.5,463347.5,463899.5,473894.5,473919.5,473977.5,479084.5,479152.5,479445.5,480124.5,480594.5,486938.5,487053.5,487073.5,487238.5,487419.5,487470.5,488198.5,488312.5,488528.5,488647.5,489349.5,489399.5,489514.5,489587.5,489730.5,489733.5,489790.5,489882.5,490068.5,490419.5,490546.5,490642.5,490720.5,491000.5
ACCEPTANCE RATIO FOR LAMBDA=                    140/8000=0.0175
ACCEPTANCE RATIO FOR EPSILON=                  95/2000=0.0475
final state:buffer=+,000000111100100001111000000000000000000000000000000000000,000111111100000001000000001101000011001011100101111101111, -6254.2587

+,000000111100100001111000000000000000000000000000000000000,000111111100000001000000001101000011001011100101111101111, -6254.2587
1.5402 0.7855 0.5701 1.9794 0.0018 -6254.2587
X=114,708,3019,865,35,1764,1157,859,
L = 2378,1220,
